\BOOKMARK [1][-]{section.1}{\376\377\000\332\000v\000o\000d}{}% 1
\BOOKMARK [1][-]{section.2}{\376\377\000A\000r\000c\000h\000i\000t\000e\000k\000t\000u\000r\000a\000\040\000a\000p\000l\000i\000k\000a\000c\000e}{}% 2
\BOOKMARK [2][-]{subsection.2.1}{\376\377\000M\000o\000d\000u\000l\000\341\000r\000n\000\355\000\040\000p\001\131\000\355\000s\000t\000u\000p}{section.2}% 3
\BOOKMARK [2][-]{subsection.2.2}{\376\377\000N\000a\000v\000i\000g\000a\000c\000e\000\040\000v\000\040\000a\000p\000l\000i\000k\000a\000c\000i}{section.2}% 4
\BOOKMARK [2][-]{subsection.2.3}{\376\377\000U\000k\000l\000\341\000d\000\341\000n\000\355\000\040\000d\000a\000t}{section.2}% 5
\BOOKMARK [2][-]{subsection.2.4}{\376\377\000P\000o\000u\001\176\000i\000t\000\351\000\040\000k\000n\000i\000h\000o\000v\000n\000y}{section.2}% 6
\BOOKMARK [1][-]{section.3}{\376\377\000H\000l\000a\000v\000n\000\355\000\040\000f\000u\000n\000k\000c\000i\000o\000n\000a\000l\000i\000t\000y\000\040\000a\000p\000l\000i\000k\000a\000c\000e}{}% 7
\BOOKMARK [2][-]{subsection.3.1}{\376\377\000V\000\375\000b\001\033\000r\000\040\000t\000\351\000m\000a\000t\000u\000\040\000a\000\040\000o\000b\000t\000\355\001\176\000n\000o\000s\000t\000i}{section.3}% 8
\BOOKMARK [2][-]{subsection.3.2}{\376\377\000P\000r\001\157\000b\001\033\000h\000\040\000h\000r\000y\000\040\000a\000\040\000p\000r\000a\000v\000i\000d\000l\000a}{section.3}% 9
\BOOKMARK [2][-]{subsection.3.3}{\376\377\000S\000k\000\363\000r\000o\000v\000a\000c\000\355\000\040\000s\000y\000s\000t\000\351\000m}{section.3}% 10
\BOOKMARK [2][-]{subsection.3.4}{\376\377\000N\000\341\000p\000o\000v\001\033\000d\000y}{section.3}% 11
\BOOKMARK [2][-]{subsection.3.5}{\376\377\001\014\000a\000s\000o\000v\000\375\000\040\000l\000i\000m\000i\000t\000\040\000a\000\040\000p\000o\000k\000u\000s\000y}{section.3}% 12
\BOOKMARK [2][-]{subsection.3.6}{\376\377\000A\000n\000i\000m\000a\000c\000e\000\040\000a\000\040\000v\000i\000z\000u\000\341\000l\000n\000\355\000\040\000e\000f\000e\000k\000t\000y}{section.3}% 13
\BOOKMARK [1][-]{section.4}{\376\377\000U\001\176\000i\000v\000a\000t\000e\000l\000s\000k\000\351\000\040\000r\000o\000z\000h\000r\000a\000n\000\355\000\040\000a\000\040\000n\000a\000v\000i\000g\000a\000c\000e}{}% 14
\BOOKMARK [2][-]{subsection.4.1}{\376\377\000H\000l\000a\000v\000n\000\355\000\040\000o\000b\000r\000a\000z\000o\000v\000k\000y\000\040\000a\000p\000l\000i\000k\000a\000c\000e}{section.4}% 15
\BOOKMARK [2][-]{subsection.4.2}{\376\377\000H\000l\000a\000v\000n\000\355\000\040\000m\000e\000n\000u}{section.4}% 16
\BOOKMARK [2][-]{subsection.4.3}{\376\377\000H\000e\000r\000n\000\355\000\040\000o\000b\000r\000a\000z\000o\000v\000k\000a}{section.4}% 17
\BOOKMARK [2][-]{subsection.4.4}{\376\377\000O\000b\000r\000a\000z\000o\000v\000k\000a\000\040\000v\000\375\000s\000l\000e\000d\000k\000u}{section.4}% 18
\BOOKMARK [2][-]{subsection.4.5}{\376\377\000N\000a\000v\000i\000g\000a\000c\000e\000\040\000m\000e\000z\000i\000\040\000o\000b\000r\000a\000z\000o\000v\000k\000a\000m\000i}{section.4}% 19
\BOOKMARK [2][-]{subsection.4.6}{\376\377\000P\001\131\000i\000z\000p\001\157\000s\000o\000b\000e\000n\000\355\000\040\000v\000z\000h\000l\000e\000d\000u}{section.4}% 20
\BOOKMARK [1][-]{section.5}{\376\377\000T\000e\000c\000h\000n\000i\000c\000k\000\341\000\040\000i\000m\000p\000l\000e\000m\000e\000n\000t\000a\000c\000e\000\040\000a\000\040\000s\000t\000r\000u\000k\000t\000u\000r\000a\000\040\000k\000\363\000d\000u}{}% 21
\BOOKMARK [2][-]{subsection.5.1}{\376\377\000A\000d\000r\000e\000s\000\341\001\131\000o\000v\000\341\000\040\000s\000t\000r\000u\000k\000t\000u\000r\000a}{section.5}% 22
\BOOKMARK [2][-]{subsection.5.2}{\376\377\000K\000l\000\355\001\015\000o\000v\000\351\000\040\000k\000o\000m\000p\000o\000n\000e\000n\000t\000y}{section.5}% 23
\BOOKMARK [3][-]{subsubsection.5.2.1}{\376\377\000G\000a\000m\000e\000.\000t\000s\000x\000\040\040\023\000\040\000h\000e\000r\000n\000\355\000\040\000l\000o\000g\000i\000k\000a}{subsection.5.2}% 24
\BOOKMARK [3][-]{subsubsection.5.2.2}{\376\377\000M\000e\000n\000u\000.\000t\000s\000x\000\040\040\023\000\040\000v\000\375\000b\001\033\000r\000\040\000t\000\351\000m\000a\000t\000u\000\040\000a\000\040\000o\000b\000t\000\355\001\176\000n\000o\000s\000t\000i}{subsection.5.2}% 25
\BOOKMARK [3][-]{subsubsection.5.2.3}{\376\377\000L\000e\000v\000e\000l\000s\000.\000t\000s\000x\000\040\040\023\000\040\000s\000e\000z\000n\000a\000m\000\040\000\372\000r\000o\000v\000n\000\355}{subsection.5.2}% 26
\BOOKMARK [3][-]{subsubsection.5.2.4}{\376\377\000W\000i\000n\000.\000t\000s\000x\000\040\040\023\000\040\000o\000b\000r\000a\000z\000o\000v\000k\000a\000\040\000v\000\355\000t\001\033\000z\000s\000t\000v\000\355}{subsection.5.2}% 27
\BOOKMARK [3][-]{subsubsection.5.2.5}{\376\377\000S\000e\000t\000t\000i\000n\000g\000s\000.\000t\000s\000x\000\040\040\023\000\040\000n\000a\000s\000t\000a\000v\000e\000n\000\355\000\040\000h\000r\000y}{subsection.5.2}% 28
\BOOKMARK [2][-]{subsection.5.3}{\376\377\000P\000r\000\341\000c\000e\000\040\000s\000\040\000d\000a\000t\000y}{section.5}% 29
\BOOKMARK [2][-]{subsection.5.4}{\376\377\000P\001\131\000\355\000k\000l\000a\000d\000\040\000p\000r\000\341\000c\000e\000\040\000s\000\040\000A\000s\000y\000n\000c\000S\000t\000o\000r\000a\000g\000e}{section.5}% 30
\BOOKMARK [1][-]{section.6}{\376\377\000T\000e\000s\000t\000o\000v\000\341\000n\000\355\000,\000\040\000l\000a\000d\001\033\000n\000\355\000\040\000a\000\040\000n\000a\000s\000a\000z\000e\000n\000\355\000\040\000a\000p\000l\000i\000k\000a\000c\000e}{}% 31
\BOOKMARK [2][-]{subsection.6.1}{\376\377\000T\000e\000s\000t\000o\000v\000\341\000n\000\355\000\040\000a\000p\000l\000i\000k\000a\000c\000e}{section.6}% 32
\BOOKMARK [3][-]{subsubsection.6.1.1}{\376\377\000V\000\375\000v\000o\000j\000o\000v\000\351\000\040\000t\000e\000s\000t\000o\000v\000\341\000n\000\355\000\040\000v\000\040\000E\000x\000p\000o}{subsection.6.1}% 33
\BOOKMARK [3][-]{subsubsection.6.1.2}{\376\377\000A\000u\000t\000o\000m\000a\000t\000i\000z\000o\000v\000a\000n\000\351\000\040\000t\000e\000s\000t\000y}{subsection.6.1}% 34
\BOOKMARK [3][-]{subsubsection.6.1.3}{\376\377\000T\000e\000s\000t\000o\000v\000\341\000n\000\355\000\040\000n\000a\000\040\000f\000y\000z\000i\000c\000k\000\375\000c\000h\000\040\000z\000a\001\131\000\355\000z\000e\000n\000\355\000c\000h}{subsection.6.1}% 35
\BOOKMARK [2][-]{subsection.6.2}{\376\377\000L\000a\000d\001\033\000n\000\355\000\040\000a\000p\000l\000i\000k\000a\000c\000e}{section.6}% 36
\BOOKMARK [3][-]{subsubsection.6.2.1}{\376\377\000L\000a\000d\001\033\000n\000\355\000\040\000c\000h\000y\000b\000\040\000p\000o\000m\000o\000c\000\355\000\040\000v\000\375\000p\000i\000s\001\157\000\040\000d\000o\000\040\000k\000o\000n\000z\000o\000l\000e}{subsection.6.2}% 37
\BOOKMARK [2][-]{subsection.6.3}{\376\377\000N\000a\000s\000a\000z\000e\000n\000\355\000\040\000a\000p\000l\000i\000k\000a\000c\000e}{section.6}% 38
\BOOKMARK [3][-]{subsubsection.6.3.1}{\376\377\000P\001\131\000\355\000p\000r\000a\000v\000a\000\040\000n\000a\000\040\000p\000r\000o\000d\000u\000k\001\015\000n\000\355\000\040\000s\000e\000s\000t\000a\000v\000e\000n\000\355}{subsection.6.3}% 39
\BOOKMARK [3][-]{subsubsection.6.3.2}{\376\377\000P\000u\000b\000l\000i\000k\000a\000c\000e\000\040\000n\000a\000\040\000G\000o\000o\000g\000l\000e\000\040\000P\000l\000a\000y\000\040\000a\000\040\000A\000p\000p\000\040\000S\000t\000o\000r\000e}{subsection.6.3}% 40
\BOOKMARK [1][-]{section.7}{\376\377\000B\000u\000d\000o\000u\000c\000\355\000\040\000v\000y\000l\000e\000p\001\141\000e\000n\000\355\000\040\000a\000\040\000m\000o\001\176\000n\000\351\000\040\000r\000o\000z\001\141\000\355\001\131\000e\000n\000\355}{}% 41
\BOOKMARK [2][-]{subsection.7.1}{\376\377\000M\000o\001\176\000n\000\341\000\040\000r\000o\000z\001\141\000\355\001\131\000e\000n\000\355\000\040\000f\000u\000n\000k\000c\000i\000o\000n\000a\000l\000i\000t\000y}{section.7}% 42
\BOOKMARK [3][-]{subsubsection.7.1.1}{\376\377\000O\000n\000l\000i\000n\000e\000\040\000m\000u\000l\000t\000i\000p\000l\000a\000y\000e\000r\000\040\000m\000\363\000d}{subsection.7.1}% 43
\BOOKMARK [3][-]{subsubsection.7.1.2}{\376\377\000P\000e\000r\000s\000o\000n\000a\000l\000i\000z\000o\000v\000a\000n\000\375\000\040\000t\000r\000\351\000n\000i\000n\000k\000o\000v\000\375\000\040\000r\000e\001\176\000i\000m}{subsection.7.1}% 44
\BOOKMARK [3][-]{subsubsection.7.1.3}{\376\377\000V\000y\000l\000e\000p\001\141\000e\000n\000\375\000\040\000s\000y\000s\000t\000\351\000m\000\040\000n\000\341\000p\000o\000v\001\033\000d\000y}{subsection.7.1}% 45
\BOOKMARK [3][-]{subsubsection.7.1.4}{\376\377\000T\000\351\000m\000a\000t\000i\000c\000k\000\351\000\040\000u\000d\000\341\000l\000o\000s\000t\000i\000\040\000a\000\040\000v\000\375\000z\000v\000y}{subsection.7.1}% 46
\BOOKMARK [2][-]{subsection.7.2}{\376\377\000V\000y\000l\000e\000p\001\141\000e\000n\000\355\000\040\000u\001\176\000i\000v\000a\000t\000e\000l\000s\000k\000\351\000h\000o\000\040\000r\000o\000z\000h\000r\000a\000n\000\355\000\040\000a\000\040\000d\000e\000s\000i\000g\000n\000u}{section.7}% 47
\BOOKMARK [3][-]{subsubsection.7.2.1}{\376\377\000M\000o\001\176\000n\000o\000s\000t\000i\000\040\000p\000e\000r\000s\000o\000n\000a\000l\000i\000z\000a\000c\000e\000\040\000v\000z\000h\000l\000e\000d\000u}{subsection.7.2}% 48
\BOOKMARK [3][-]{subsubsection.7.2.2}{\376\377\000A\000n\000i\000m\000a\000c\000e\000\040\000a\000\040\000e\000f\000e\000k\000t\000y}{subsection.7.2}% 49
\BOOKMARK [2][-]{subsection.7.3}{\376\377\000L\000e\000p\001\141\000\355\000\040\000i\000n\000t\000e\000g\000r\000a\000c\000e\000\040\000s\000\040\000e\000x\000t\000e\000r\000n\000\355\000m\000i\000\040\000s\000l\000u\001\176\000b\000a\000m\000i}{section.7}% 50
\BOOKMARK [3][-]{subsubsection.7.3.1}{\376\377\000U\000k\000l\000\341\000d\000\341\000n\000\355\000\040\000p\000r\000o\000g\000r\000e\000s\000u\000\040\000n\000a\000\040\000c\000l\000o\000u\000d}{subsection.7.3}% 51
\BOOKMARK [3][-]{subsubsection.7.3.2}{\376\377\000P\000o\000d\000p\000o\000r\000a\000\040\000v\000\355\000c\000e\000\040\000j\000a\000z\000y\000k\001\157}{subsection.7.3}% 52
\BOOKMARK [2][-]{subsection.7.4}{\376\377\000O\000p\000t\000i\000m\000a\000l\000i\000z\000a\000c\000e\000\040\000v\000\375\000k\000o\000n\000u}{section.7}% 53
\BOOKMARK [1][-]{section.8}{\376\377\000Z\000\341\000v\001\033\000r}{}% 54
\BOOKMARK [2][-]{subsection.8.1}{\376\377\000S\000h\000r\000n\000u\000t\000\355\000\040\000v\000\375\000v\000o\000j\000e}{section.8}% 55
\BOOKMARK [2][-]{subsection.8.2}{\376\377\000D\000a\000l\001\141\000\355\000\040\000k\000r\000o\000k\000y}{section.8}% 56
\BOOKMARK [2][-]{subsection.8.3}{\376\377\000Z\000\341\000v\001\033\000r\000e\001\015\000n\000\351\000\040\000h\000o\000d\000n\000o\000c\000e\000n\000\355}{section.8}% 57
